app/build/outputs/logs/manifest-merger-debug-report.txt
-- Merging decision tree log ---
manifest
ADDED from src/main/AndroidManifest.xml:2:1-138:12
	package
		ADDED from src/main/AndroidManifest.xml:3:5-45
		INJECTED from src/main/AndroidManifest.xml
		INJECTED from src/main/AndroidManifest.xml
	android:versionName
		INJECTED from src/main/AndroidManifest.xml
		INJECTED from src/main/AndroidManifest.xml
	xmlns:android
		ADDED from src/main/AndroidManifest.xml:2:11-69
	android:versionCode
		INJECTED from src/main/AndroidManifest.xml
		INJECTED from src/main/AndroidManifest.xml
uses-permission#android.permission.ACCESS_FINE_LOCATION
ADDED from src/main/AndroidManifest.xml:10:5-79
	android:name
		ADDED from src/main/AndroidManifest.xml:10:22-76
uses-permission#android.permission.INTERNET
ADDED from src/main/AndroidManifest.xml:11:5-66
MERGED from [com.google.android.gms:play-services-maps:10.2.1] AndroidManifest.xml:20:5-66
	android:name
		ADDED from src/main/AndroidManifest.xml:11:22-64
application
ADDED from src/main/AndroidManifest.xml:13:5-136:19
MERGED from [com.android.support.constraint:constraint-layout:1.0.2] AndroidManifest.xml:9:5-20
MERGED from [com.android.support:design:25.3.0] AndroidManifest.xml:29:5-20
MERGED from [com.android.support:appcompat-v7:25.3.0] AndroidManifest.xml:29:5-20
MERGED from [com.android.support:animated-vector-drawable:25.3.0] AndroidManifest.xml:26:5-20
MERGED from [com.android.support:support-vector-drawable:25.3.0] AndroidManifest.xml:26:5-20
MERGED from [com.android.support:transition:25.3.0] AndroidManifest.xml:26:5-20
MERGED from [com.google.android.gms:play-services-maps:10.2.1] AndroidManifest.xml:24:5-19
MERGED from [com.google.android.gms:play-services-wearable:10.2.1] AndroidManifest.xml:18:5-19
MERGED from [com.google.android.gms:play-services-base:10.2.1] AndroidManifest.xml:18:5-20:19
MERGED from [com.google.android.gms:play-services-tasks:10.2.1] AndroidManifest.xml:4:5-19
MERGED from [com.google.android.gms:play-services-basement:10.2.1] AndroidManifest.xml:19:5-21:19
MERGED from [com.google.android.support:wearable:2.0.0] AndroidManifest.xml:6:5-19
MERGED from [com.android.support:percent:23.0.1] AndroidManifest.xml:22:5-20
MERGED from [com.android.support:support-v4:25.3.0] AndroidManifest.xml:29:5-20
MERGED from [com.android.support:support-fragment:25.3.0] AndroidManifest.xml:29:5-20
MERGED from [com.android.support:support-media-compat:25.3.0] AndroidManifest.xml:29:5-20
MERGED from [com.android.support:support-core-utils:25.3.0] AndroidManifest.xml:29:5-20
MERGED from [com.android.support:support-core-ui:25.3.0] AndroidManifest.xml:29:5-20
MERGED from [com.android.support:support-compat:25.3.0] AndroidManifest.xml:29:5-20
	android:label
		ADDED from src/main/AndroidManifest.xml:16:9-41
	android:supportsRtl
		ADDED from src/main/AndroidManifest.xml:18:9-35
	android:roundIcon
		ADDED from src/main/AndroidManifest.xml:17:9-54
	android:allowBackup
		ADDED from src/main/AndroidManifest.xml:14:9-35
	android:icon
		ADDED from src/main/AndroidManifest.xml:15:9-43
	android:theme
		ADDED from src/main/AndroidManifest.xml:19:9-40
activity#com.example.root.textanimation.Main.MainActivity
ADDED from src/main/AndroidManifest.xml:20:9-28:20
	android:theme
		ADDED from src/main/AndroidManifest.xml:22:13-56
	android:name
		ADDED from src/main/AndroidManifest.xml:21:13-46
intent-filter#android.intent.action.MAIN+android.intent.category.LAUNCHER
ADDED from src/main/AndroidManifest.xml:23:13-27:29
action#android.intent.action.MAIN
ADDED from src/main/AndroidManifest.xml:24:17-69
	android:name
		ADDED from src/main/AndroidManifest.xml:24:25-66
category#android.intent.category.LAUNCHER
ADDED from src/main/AndroidManifest.xml:26:17-77
	android:name
		ADDED from src/main/AndroidManifest.xml:26:27-74
activity#com.example.root.textanimation.Question.QuestionOneActivity
ADDED from src/main/AndroidManifest.xml:29:9-32:59
	android:label
		ADDED from src/main/AndroidManifest.xml:31:13-39
	android:theme
		ADDED from src/main/AndroidManifest.xml:32:13-56
	android:name
		ADDED from src/main/AndroidManifest.xml:30:13-57
activity#com.example.root.textanimation.Question.QuestionTwoActivity
ADDED from src/main/AndroidManifest.xml:33:9-36:59
	android:label
		ADDED from src/main/AndroidManifest.xml:35:13-39
	android:theme
		ADDED from src/main/AndroidManifest.xml:36:13-56
	android:name
		ADDED from src/main/AndroidManifest.xml:34:13-57
activity#com.example.root.textanimation.Question.QuestionActivityThree
ADDED from src/main/AndroidManifest.xml:37:9-40:59
	android:label
		ADDED from src/main/AndroidManifest.xml:39:13-39
	android:theme
		ADDED from src/main/AndroidManifest.xml:40:13-56
	android:name
		ADDED from src/main/AndroidManifest.xml:38:13-59
activity#com.example.root.textanimation.Question.QuestionActivityFoor
ADDED from src/main/AndroidManifest.xml:41:9-44:59
	android:label
		ADDED from src/main/AndroidManifest.xml:43:13-39
	android:theme
		ADDED from src/main/AndroidManifest.xml:44:13-56
	android:name
		ADDED from src/main/AndroidManifest.xml:42:13-58
activity#com.example.root.textanimation.Question.QuestionActivtyFive
ADDED from src/main/AndroidManifest.xml:45:9-48:59
	android:label
		ADDED from src/main/AndroidManifest.xml:47:13-39
	android:theme
		ADDED from src/main/AndroidManifest.xml:48:13-56
	android:name
		ADDED from src/main/AndroidManifest.xml:46:13-57
activity#com.example.root.textanimation.Question.QuestionActivitySix
ADDED from src/main/AndroidManifest.xml:49:9-52:59
	android:label
		ADDED from src/main/AndroidManifest.xml:51:13-39
	android:theme
		ADDED from src/main/AndroidManifest.xml:52:13-56
	android:name
		ADDED from src/main/AndroidManifest.xml:50:13-57
activity#com.example.root.textanimation.Question.QuestionActivitySeven
ADDED from src/main/AndroidManifest.xml:53:9-56:59
	android:label
		ADDED from src/main/AndroidManifest.xml:55:13-39
	android:theme
		ADDED from src/main/AndroidManifest.xml:56:13-56
	android:name
		ADDED from src/main/AndroidManifest.xml:54:13-59
activity#com.example.root.textanimation.Question.questionActivityeight
ADDED from src/main/AndroidManifest.xml:57:9-60:59
	android:label
		ADDED from src/main/AndroidManifest.xml:59:13-39
	android:theme
		ADDED from src/main/AndroidManifest.xml:60:13-56
	android:name
		ADDED from src/main/AndroidManifest.xml:58:13-59
activity#com.example.root.textanimation.Question.QuestionActivityNine
ADDED from src/main/AndroidManifest.xml:61:9-64:59
	android:label
		ADDED from src/main/AndroidManifest.xml:63:13-39
	android:theme
		ADDED from src/main/AndroidManifest.xml:64:13-56
	android:name
		ADDED from src/main/AndroidManifest.xml:62:13-58
activity#com.example.root.textanimation.Question.QuestionActivityTen
ADDED from src/main/AndroidManifest.xml:65:9-68:59
	android:label
		ADDED from src/main/AndroidManifest.xml:67:13-40
	android:theme
		ADDED from src/main/AndroidManifest.xml:68:13-56
	android:name
		ADDED from src/main/AndroidManifest.xml:66:13-57
activity#com.example.root.textanimation.Question.QuestionActivityEleven
ADDED from src/main/AndroidManifest.xml:69:9-72:59
	android:label
		ADDED from src/main/AndroidManifest.xml:71:13-40
	android:theme
		ADDED from src/main/AndroidManifest.xml:72:13-56
	android:name
		ADDED from src/main/AndroidManifest.xml:70:13-60
activity#com.example.root.textanimation.Question.QuestionActivityTwelve
ADDED from src/main/AndroidManifest.xml:73:9-76:59
	android:label
		ADDED from src/main/AndroidManifest.xml:75:13-40
	android:theme
		ADDED from src/main/AndroidManifest.xml:76:13-56
	android:name
		ADDED from src/main/AndroidManifest.xml:74:13-60
activity#com.example.root.textanimation.Question.QuestionActivityThirteen
ADDED from src/main/AndroidManifest.xml:77:9-80:59
	android:label
		ADDED from src/main/AndroidManifest.xml:79:13-40
	android:theme
		ADDED from src/main/AndroidManifest.xml:80:13-56
	android:name
		ADDED from src/main/AndroidManifest.xml:78:13-62
activity#com.example.root.textanimation.Question.QuestionActivityfoorteen
ADDED from src/main/AndroidManifest.xml:81:9-84:59
	android:label
		ADDED from src/main/AndroidManifest.xml:83:13-40
	android:theme
		ADDED from src/main/AndroidManifest.xml:84:13-56
	android:name
		ADDED from src/main/AndroidManifest.xml:82:13-62
activity#com.example.root.textanimation.Question.QuestionActivityFifteen
ADDED from src/main/AndroidManifest.xml:85:9-88:59
	android:label
		ADDED from src/main/AndroidManifest.xml:87:13-40
	android:theme
		ADDED from src/main/AndroidManifest.xml:88:13-56
	android:name
		ADDED from src/main/AndroidManifest.xml:86:13-61
activity#com.example.root.textanimation.Question.QuestionActivitySixteen
ADDED from src/main/AndroidManifest.xml:89:9-92:59
	android:label
		ADDED from src/main/AndroidManifest.xml:91:13-40
	android:theme
		ADDED from src/main/AndroidManifest.xml:92:13-56
	android:name
		ADDED from src/main/AndroidManifest.xml:90:13-61
activity#com.example.root.textanimation.Question.QuestionActivityseventeen
ADDED from src/main/AndroidManifest.xml:93:9-96:59
	android:label
		ADDED from src/main/AndroidManifest.xml:95:13-40
	android:theme
		ADDED from src/main/AndroidManifest.xml:96:13-56
	android:name
		ADDED from src/main/AndroidManifest.xml:94:13-63
activity#com.example.root.textanimation.Question.QuestionActivityeighteen
ADDED from src/main/AndroidManifest.xml:97:9-100:59
	android:label
		ADDED from src/main/AndroidManifest.xml:99:13-40
	android:theme
		ADDED from src/main/AndroidManifest.xml:100:13-56
	android:name
		ADDED from src/main/AndroidManifest.xml:98:13-62
activity#com.example.root.textanimation.Question.QuestionActivityNineteen
ADDED from src/main/AndroidManifest.xml:101:9-104:59
	android:label
		ADDED from src/main/AndroidManifest.xml:103:13-40
	android:theme
		ADDED from src/main/AndroidManifest.xml:104:13-56
	android:name
		ADDED from src/main/AndroidManifest.xml:102:13-62
activity#com.example.root.textanimation.Question.QuestionActivityTwenty
ADDED from src/main/AndroidManifest.xml:105:9-108:59
	android:label
		ADDED from src/main/AndroidManifest.xml:107:13-40
	android:theme
		ADDED from src/main/AndroidManifest.xml:108:13-56
	android:name
		ADDED from src/main/AndroidManifest.xml:106:13-60
activity#com.example.root.textanimation.ListViewStart.OnstartChoose
ADDED from src/main/AndroidManifest.xml:109:9-65
	android:name
		ADDED from src/main/AndroidManifest.xml:109:19-62
meta-data#com.google.android.geo.API_KEY
ADDED from src/main/AndroidManifest.xml:118:9-120:55
	android:value
		ADDED from src/main/AndroidManifest.xml:120:13-52
	android:name
		ADDED from src/main/AndroidManifest.xml:119:13-58
activity#com.example.root.textanimation.Geo.MapsActivity
ADDED from src/main/AndroidManifest.xml:122:9-130:20
	android:label
		ADDED from src/main/AndroidManifest.xml:124:13-56
	android:name
		ADDED from src/main/AndroidManifest.xml:123:13-45
activity#com.example.root.textanimation.About_us
ADDED from src/main/AndroidManifest.xml:131:9-132:58
	android:theme
		ADDED from src/main/AndroidManifest.xml:132:13-56
	android:name
		ADDED from src/main/AndroidManifest.xml:131:19-43
activity#com.example.root.textanimation.Final_Result
ADDED from src/main/AndroidManifest.xml:133:9-135:77
	android:label
		ADDED from src/main/AndroidManifest.xml:135:13-65
	android:name
		ADDED from src/main/AndroidManifest.xml:134:13-41
uses-sdk
INJECTED from src/main/AndroidManifest.xml reason: use-sdk injection requested
MERGED from [com.android.support.constraint:constraint-layout:1.0.2] AndroidManifest.xml:5:5-7:41
MERGED from [com.android.support:design:25.3.0] AndroidManifest.xml:21:5-23:62
MERGED from [com.android.support:appcompat-v7:25.3.0] AndroidManifest.xml:21:5-23:78
MERGED from [com.android.support:animated-vector-drawable:25.3.0] AndroidManifest.xml:20:5-44
MERGED from [com.android.support:support-vector-drawable:25.3.0] AndroidManifest.xml:20:5-43
MERGED from [com.android.support:transition:25.3.0] AndroidManifest.xml:20:5-44
MERGED from [com.google.android.gms:play-services-maps:10.2.1] AndroidManifest.xml:23:5-43
MERGED from [com.google.android.gms:play-services-wearable:10.2.1] AndroidManifest.xml:17:5-43
MERGED from [com.google.android.gms:play-services-base:10.2.1] AndroidManifest.xml:17:5-43
MERGED from [com.google.android.gms:play-services-tasks:10.2.1] AndroidManifest.xml:3:5-43
MERGED from [com.google.android.gms:play-services-basement:10.2.1] AndroidManifest.xml:17:5-43
MERGED from [com.google.android.support:wearable:2.0.0] AndroidManifest.xml:4:5-72
MERGED from [com.android.support:percent:23.0.1] AndroidManifest.xml:20:5-43
MERGED from [com.android.support:support-v4:25.3.0] AndroidManifest.xml:21:5-23:54
MERGED from [com.android.support:support-fragment:25.3.0] AndroidManifest.xml:21:5-23:60
MERGED from [com.android.support:support-media-compat:25.3.0] AndroidManifest.xml:21:5-23:63
MERGED from [com.android.support:support-core-utils:25.3.0] AndroidManifest.xml:21:5-23:61
MERGED from [com.android.support:recyclerview-v7:25.3.0] AndroidManifest.xml:20:5-43
MERGED from [com.android.support:support-core-ui:25.3.0] AndroidManifest.xml:21:5-23:58
MERGED from [com.android.support:support-compat:25.3.0] AndroidManifest.xml:21:5-23:58
	tools:overrideLibrary
		ADDED from [com.android.support:design:25.3.0] AndroidManifest.xml:23:9-59
	android:targetSdkVersion
		INJECTED from src/main/AndroidManifest.xml
		INJECTED from src/main/AndroidManifest.xml
	android:minSdkVersion
		INJECTED from src/main/AndroidManifest.xml
		INJECTED from src/main/AndroidManifest.xml
meta-data#android.support.VERSION
ADDED from [com.android.support:design:25.3.0] AndroidManifest.xml:25:5-27:34
MERGED from [com.android.support:appcompat-v7:25.3.0] AndroidManifest.xml:25:5-27:34
MERGED from [com.android.support:animated-vector-drawable:25.3.0] AndroidManifest.xml:22:5-24:34
MERGED from [com.android.support:support-vector-drawable:25.3.0] AndroidManifest.xml:22:5-24:34
MERGED from [com.android.support:transition:25.3.0] AndroidManifest.xml:22:5-24:34
MERGED from [com.android.support:support-v4:25.3.0] AndroidManifest.xml:25:5-27:34
MERGED from [com.android.support:support-fragment:25.3.0] AndroidManifest.xml:25:5-27:34
MERGED from [com.android.support:support-media-compat:25.3.0] AndroidManifest.xml:25:5-27:34
MERGED from [com.android.support:support-core-utils:25.3.0] AndroidManifest.xml:25:5-27:34
MERGED from [com.android.support:recyclerview-v7:25.3.0] AndroidManifest.xml:22:5-24:34
MERGED from [com.android.support:support-core-ui:25.3.0] AndroidManifest.xml:25:5-27:34
MERGED from [com.android.support:support-compat:25.3.0] AndroidManifest.xml:25:5-27:34
	android:value
		ADDED from [com.android.support:design:25.3.0] AndroidManifest.xml:27:9-31
	android:name
		ADDED from [com.android.support:design:25.3.0] AndroidManifest.xml:26:9-47
uses-permission#android.permission.ACCESS_NETWORK_STATE
ADDED from [com.google.android.gms:play-services-maps:10.2.1] AndroidManifest.xml:19:5-78
	android:name
		ADDED from [com.google.android.gms:play-services-maps:10.2.1] AndroidManifest.xml:19:22-76
uses-feature#0x00020000
ADDED from [com.google.android.gms:play-services-maps:10.2.1] AndroidManifest.xml:21:5-77
	android:glEsVersion
		ADDED from [com.google.android.gms:play-services-maps:10.2.1] AndroidManifest.xml:21:19-51
	android:required
		ADDED from [com.google.android.gms:play-services-maps:10.2.1] AndroidManifest.xml:21:52-75
activity#com.google.android.gms.common.api.GoogleApiActivity
ADDED from [com.google.android.gms:play-services-base:10.2.1] AndroidManifest.xml:19:9-172
	android:exported
		ADDED from [com.google.android.gms:play-services-base:10.2.1] AndroidManifest.xml:19:146-170
	android:theme
		ADDED from [com.google.android.gms:play-services-base:10.2.1] AndroidManifest.xml:19:86-145
	android:name
		ADDED from [com.google.android.gms:play-services-base:10.2.1] AndroidManifest.xml:19:19-85
meta-data#com.google.android.gms.version
ADDED from [com.google.android.gms:play-services-basement:10.2.1] AndroidManifest.xml:20:9-121
	android:value
		ADDED from [com.google.android.gms:play-services-basement:10.2.1] AndroidManifest.xml:20:66-119
	android:name
		ADDED from [com.google.android.gms:play-services-basement:10.2.1] AndroidManifest.xml:20:20-65